e:\sagroup20\sa_midterm\x64\debug\vc143.pdb
e:\sagroup20\sa_midterm\x64\debug\vc143.idb
e:\sagroup20\sa_midterm\x64\debug\sa_midterm.obj
e:\sagroup20\sa_midterm\x64\debug\vc143.pdb
e:\sagroup20\sa_midterm\x64\debug\vc143.idb
e:\sagroup20\sa_midterm\x64\debug\sa_midterm.obj
e:\sagroup20\sa_midterm\x64\debug\sa_midterm.ilk
e:\sagroup20\x64\debug\sa_midterm.exe
e:\sagroup20\x64\debug\sa_midterm.pdb
e:\sagroup20\x64\debug\sa_midterm.exe
e:\sagroup20\sa_midterm\x64\debug\sa_midterm.ilk
e:\sagroup20\x64\debug\sa_midterm.pdb
e:\sagroup20\x64\debug\boost_locale-vc143-mt-gd-x64-1_78.dll
e:\sagroup20\x64\debug\boost_locale-vc143-mt-gd-x64-1_78.dll
e:\sagroup20\sa_midterm\x64\debug\vc142.idb
e:\sagroup20\sa_midterm\x64\debug\vc142.pdb
e:\sagroup20\sa_midterm\x64\debug\sa_midterm.tlog\cl.command.1.tlog
e:\sagroup20\sa_midterm\x64\debug\sa_midterm.tlog\cl.read.1.tlog
e:\sagroup20\sa_midterm\x64\debug\sa_midterm.tlog\cl.write.1.tlog
e:\sagroup20\sa_midterm\x64\debug\sa_midterm.tlog\link.command.1.tlog
e:\sagroup20\sa_midterm\x64\debug\sa_midterm.tlog\link.read.1.tlog
e:\sagroup20\sa_midterm\x64\debug\sa_midterm.tlog\link.write.1.tlog
e:\sagroup20\sa_midterm\x64\debug\sa_midterm.tlog\sa_midterm.write.1u.tlog
